<?xml version="1.0" encoding="UTF-8"?>
<testng-results skipped="0" failed="0" total="1" passed="1">
  <reporter-output>
  </reporter-output>
  <suite name="Suite" duration-ms="35712" started-at="2015-09-15T02:14:25Z" finished-at="2015-09-15T02:15:01Z">
    <groups>
    </groups>
    <test name="Test" duration-ms="35712" started-at="2015-09-15T02:14:25Z" finished-at="2015-09-15T02:15:01Z">
      <class name="TestCases.LoginDemo">
        <test-method status="PASS" signature="setup()[pri:0, instance:TestCases.LoginDemo@75bd9247]" name="setup" is-config="true" duration-ms="21374" started-at="2015-09-15T10:14:25Z" finished-at="2015-09-15T10:14:47Z">
          <reporter-output>
          </reporter-output>
        </test-method> <!-- setup -->
        <test-method status="PASS" signature="testlogin(org.w3c.dom.Document)[pri:0, instance:TestCases.LoginDemo@75bd9247]" name="testlogin" duration-ms="12739" started-at="2015-09-15T10:14:47Z" data-provider="Test_xml_dataprovider" finished-at="2015-09-15T10:14:59Z">
          <params>
            <param index="0">
              <value>
                <![CDATA[[#document: null]]]>
              </value>
            </param>
          </params>
          <reporter-output>
          </reporter-output>
        </test-method> <!-- testlogin -->
        <test-method status="PASS" signature="teardown()[pri:0, instance:TestCases.LoginDemo@75bd9247]" name="teardown" is-config="true" duration-ms="1565" started-at="2015-09-15T10:14:59Z" finished-at="2015-09-15T10:15:01Z">
          <reporter-output>
          </reporter-output>
        </test-method> <!-- teardown -->
      </class> <!-- TestCases.LoginDemo -->
    </test> <!-- Test -->
  </suite> <!-- Suite -->
</testng-results>
